<?xml version="1.0" encoding="UTF-8"?>
<!-- Generated by org.testng.reporters.JUnitReportReporter -->
<testsuite skipped="0" hostname="LAPTOP-GD5Q37VC" name="AutomationFramework.Productclass" tests="1" failures="0" timestamp="16 Dec 2018 23:46:40 GMT" time="36.275" errors="0">
  <testcase name="startTest" time="36.275" classname="AutomationFramework.Productclass"/>
</testsuite> <!-- AutomationFramework.Productclass -->
